f:\work\comp3015\week 6 image processing\coursework 2\x64\debug\vc142.pdb
f:\work\comp3015\week 6 image processing\coursework 2\x64\debug\vc142.idb
f:\work\comp3015\week 6 image processing\coursework 2\x64\debug\glad.obj
f:\work\comp3015\week 6 image processing\coursework 2\x64\debug\trianglemesh.obj
f:\work\comp3015\week 6 image processing\coursework 2\x64\debug\torus.obj
f:\work\comp3015\week 6 image processing\coursework 2\x64\debug\teapot.obj
f:\work\comp3015\week 6 image processing\coursework 2\x64\debug\glutils.obj
f:\work\comp3015\week 6 image processing\coursework 2\x64\debug\glslprogram.obj
f:\work\comp3015\week 6 image processing\coursework 2\x64\debug\scenebasic_uniform.obj
f:\work\comp3015\week 6 image processing\coursework 2\x64\debug\main.obj
f:\work\comp3015\week 6 image processing\coursework 2\x64\debug\objmesh.obj
f:\work\comp3015\coursework 2\x64\debug\vc142.pdb
f:\work\comp3015\coursework 2\x64\debug\vc142.idb
f:\work\comp3015\coursework 2\x64\debug\glad.obj
f:\work\comp3015\coursework 2\x64\debug\scenebasic_uniform.obj
f:\work\comp3015\coursework 2\x64\debug\trianglemesh.obj
f:\work\comp3015\coursework 2\x64\debug\torus.obj
f:\work\comp3015\coursework 2\x64\debug\teapot.obj
f:\work\comp3015\coursework 2\x64\debug\objmesh.obj
f:\work\comp3015\coursework 2\x64\debug\glutils.obj
f:\work\comp3015\coursework 2\x64\debug\glslprogram.obj
f:\work\comp3015\coursework 2\x64\debug\main.obj
f:\work\comp3015\coursework 2\x64\debug\texture.obj
f:\work\comp3015\coursework 2\x64\debug\stb_image.obj
f:\work\comp3015\coursework 2\x64\debug\grid.obj
f:\work\comp3015\week 6 image processing\coursework 2\x64\debug\coursework2.exe
f:\work\comp3015\week 6 image processing\coursework 2\x64\debug\coursework2.ilk
f:\work\comp3015\week 6 image processing\coursework 2\x64\debug\coursework2.pdb
f:\work\comp3015\coursework 2\x64\debug\coursework2.exe
f:\work\comp3015\coursework 2\x64\debug\coursework2.ilk
f:\work\comp3015\coursework 2\x64\debug\coursework2.pdb
f:\work\comp3015\coursework 2\x64\debug\project_template.ilk
f:\work\comp3015\coursework 2\x64\debug\project_template.pdb
f:\work\comp3015\coursework 2\x64\debug\coursework2.tlog\cl.command.1.tlog
f:\work\comp3015\coursework 2\x64\debug\coursework2.tlog\cl.read.1.tlog
f:\work\comp3015\coursework 2\x64\debug\coursework2.tlog\cl.write.1.tlog
f:\work\comp3015\coursework 2\x64\debug\coursework2.tlog\link.9096-cvtres.read.1.tlog
f:\work\comp3015\coursework 2\x64\debug\coursework2.tlog\link.9096-cvtres.write.1.tlog
f:\work\comp3015\coursework 2\x64\debug\coursework2.tlog\link.9096-rc.read.1.tlog
f:\work\comp3015\coursework 2\x64\debug\coursework2.tlog\link.9096-rc.write.1.tlog
f:\work\comp3015\coursework 2\x64\debug\coursework2.tlog\link.9096.read.1.tlog
f:\work\comp3015\coursework 2\x64\debug\coursework2.tlog\link.9096.write.1.tlog
f:\work\comp3015\coursework 2\x64\debug\coursework2.tlog\link.command.1.tlog
f:\work\comp3015\coursework 2\x64\debug\coursework2.tlog\link.read.1.tlog
f:\work\comp3015\coursework 2\x64\debug\coursework2.tlog\link.write.1.tlog
